\BOOKMARK [0][-]{section*.1}{Contents}{}% 1
\BOOKMARK [0][-]{chapter.1}{Overview of Features}{}% 2
\BOOKMARK [0][-]{chapter.2}{ESMF and NUOPC}{}% 3
\BOOKMARK [1][-]{section.2.1}{The Earth System Modeling Framework}{chapter.2}% 4
\BOOKMARK [1][-]{section.2.2}{The National Unified Operational Prediction Capability}{chapter.2}% 5
\BOOKMARK [0][-]{chapter.3}{Installation}{}% 6
\BOOKMARK [1][-]{section.3.1}{Prerequisites}{chapter.3}% 7
\BOOKMARK [1][-]{section.3.2}{Download and Install the Cupid Plugin}{chapter.3}% 8
\BOOKMARK [1][-]{section.3.3}{Configure Cloud Account Credentials \(Optional\)}{chapter.3}% 9
\BOOKMARK [0][-]{chapter.4}{Cloud-based Training Environment}{}% 10
\BOOKMARK [1][-]{section.4.1}{Creating a new Cupid Training Project}{chapter.4}% 11
\BOOKMARK [1][-]{section.4.2}{Compile and Run the NUOPC Single Model with Driver training scenario}{chapter.4}% 12
\BOOKMARK [0][-]{chapter.5}{Reverse Engineering and Compliance Verification of NUOPC Applications}{}% 13
\BOOKMARK [1][-]{section.5.1}{Acquiring NUOPC Prototype Applications}{chapter.5}% 14
\BOOKMARK [1][-]{section.5.2}{Reverse Engineer a NUOPC Prototype Application}{chapter.5}% 15
\BOOKMARK [1][-]{section.5.3}{NUOPC Compliance Verification}{chapter.5}% 16
\BOOKMARK [0][-]{chapter.6}{Generating NUOPC-compliant Code}{}% 17
\BOOKMARK [1][-]{section.6.1}{Generate a NUOPC Model Finalize method}{chapter.6}% 18
\BOOKMARK [0][-]{chapter.7}{The Behind-the-Scenes Meta-tool}{}% 19
\BOOKMARK [1][-]{section.7.1}{The NUOPC Framework-Specific Modeling Language}{chapter.7}% 20
\BOOKMARK [1][-]{section.7.2}{FSML Implementation}{chapter.7}% 21
\BOOKMARK [0][-]{section*.3}{Bibliography}{}% 22
