This is pdfTeX, Version 3.1415926-2.4-1.40.13 (MiKTeX 2.9 64-bit) (preloaded format=pdflatex 2013.12.3)  7 JAN 2015 22:24
entering extended mode
**cupid_0.1beta.tex
(C:\Users\Rocky\git\cupid\org.earthsystemmodeling.cupid\doc\latex\cupid_0.1beta.tex
LaTeX2e <2011/06/27>
Babel <v3.8m> and hyphenation patterns for english, afrikaans, ancientgreek, arabic, armenian, assamese, basque, bengali
, bokmal, bulgarian, catalan, coptic, croatian, czech, danish, dutch, esperanto, estonian, farsi, finnish, french, galic
ian, german, german-x-2012-05-30, greek, gujarati, hindi, hungarian, icelandic, indonesian, interlingua, irish, italian,
 kannada, kurmanji, latin, latvian, lithuanian, malayalam, marathi, mongolian, mongolianlmc, monogreek, ngerman, ngerman
-x-2012-05-30, nynorsk, oriya, panjabi, pinyin, polish, portuguese, romanian, russian, sanskrit, serbian, slovak, sloven
ian, spanish, swedish, swissgerman, tamil, telugu, turkish, turkmen, ukenglish, ukrainian, uppersorbian, usenglishmax, w
elsh, loaded.
("C:\Program Files\MiKTeX 2.9\tex\latex\memoir\memoir.cls"
Document Class: memoir 2013/05/30 v3.7b configurable book, report, article document class
\onelineskip=\skip41
\lxvchars=\skip42
\xlvchars=\skip43
\@memcnta=\count79
\c@@memmarkcntra=\count80
\l@nohyphenation=\language69
("C:\Program Files\MiKTeX 2.9\tex\generic\oberdiek\ifpdf.sty"
Package: ifpdf 2011/01/30 v2.3 Provides the ifpdf switch (HO)
Package ifpdf Info: pdfTeX in PDF mode is detected.
) ("C:\Program Files\MiKTeX 2.9\tex\latex\ifetex\ifetex.sty"
Package: ifetex 2011/12/15 v1.2 ifetex
 ("C:\Program Files\MiKTeX 2.9\tex\plain\ifetex\ifetex.tex"))
("C:\Program Files\MiKTeX 2.9\tex\generic\ifxetex\ifxetex.sty"
Package: ifxetex 2010/09/12 v0.6 Provides ifxetex conditional
)
("C:\Program Files\MiKTeX 2.9\tex\generic\oberdiek\ifluatex.sty"
Package: ifluatex 2010/03/01 v1.3 Provides the ifluatex switch (HO)
Package ifluatex Info: LuaTeX not detected.
)
\stockheight=\skip44
\stockwidth=\skip45
\trimtop=\skip46
\trimedge=\skip47
 ("C:\Program Files\MiKTeX 2.9\tex\latex\misc\etex.sty"
Package: etex 1998/03/26 v2.0 eTeX basic definition package (PEB)
\et@xins=\count81
) ("C:\Program Files\MiKTeX 2.9\tex\latex\memoir\mem11.clo"
File: mem11.clo 2008/01/30 v0.3 memoir class 11pt size option
)
\binding=\skip48
\spinemargin=\skip49
\foremargin=\skip50
\uppermargin=\skip51
\lowermargin=\skip52
\headdrop=\skip53
\normalrulethickness=\skip54
\mem@maxheadheight=\skip55
\mem@maxfootheight=\skip56
\headwidth=\skip57
\c@storedpagenumber=\count82
\memPD=\dimen102
\m@mabparskip=\skip58
\thanksmarkwidth=\skip59
\thanksmarksep=\skip60
\droptitle=\skip61
\c@book=\count83
\c@part=\count84
\c@chapter=\count85
\c@section=\count86
\c@subsection=\count87
\c@subsubsection=\count88
\c@paragraph=\count89
\c@subparagraph=\count90
\beforechapskip=\skip62
\midchapskip=\skip63
\afterchapskip=\skip64
\chapindent=\skip65
\bottomsectionskip=\skip66
\secindent=\skip67
\beforesecskip=\skip68
\aftersecskip=\skip69
\subsecindent=\skip70
\beforesubsecskip=\skip71
\aftersubsecskip=\skip72
\subsubsecindent=\skip73
\beforesubsubsecskip=\skip74
\aftersubsubsecskip=\skip75
\paraindent=\skip76
\beforeparaskip=\skip77
\afterparaskip=\skip78
\subparaindent=\skip79
\beforesubparaskip=\skip80
\aftersubparaskip=\skip81
\pfbreakskip=\skip82
\c@@ppsavesec=\count91
\c@@ppsaveapp=\count92
\ragrparindent=\dimen103
\everylistparindent=\dimen104
\parsepi=\skip83
\topsepi=\skip84
\itemsepi=\skip85
\parsepii=\skip86
\topsepii=\skip87
\topsepiii=\skip88
\itemsepii=\skip89
\itemsepiii=\skip90
\partopsepii=\skip91
\partopsepiii=\skip92
\m@msavetopsep=\skip93
\m@msavepartopsep=\skip94
\@enLab=\toks14
\abstitleskip=\skip95
\absleftindent=\skip96
\abs@leftindent=\dimen105
\absrightindent=\skip97
\absparindent=\skip98
\absparsep=\skip99
\c@vslineno=\count93
\c@poemline=\count94
\c@modulo@vs=\count95
\c@memfvsline=\count96
\vleftskip=\skip100
\vrightskip=\skip101
\stanzaskip=\skip102
\versewidth=\skip103
\vgap=\skip104
\vindent=\skip105
\vleftmargin=\dimen106
\c@verse=\count97
\c@chrsinstr=\count98
\beforepoemtitleskip=\skip106
\afterpoemtitleskip=\skip107
\c@poem=\count99
\beforePoemTitleskip=\skip108
\midPoemTitleskip=\skip109
\afterPoemTitleskip=\skip110
\col@sep=\dimen107
\extrarowheight=\dimen108
\NC@list=\toks15
\extratabsurround=\skip111
\backup@length=\skip112
\TX@col@width=\dimen109
\TX@old@table=\dimen110
\TX@old@col=\dimen111
\TX@target=\dimen112
\TX@delta=\dimen113
\TX@cols=\count100
\TX@ftn=\toks16
\heavyrulewidth=\dimen114
\lightrulewidth=\dimen115
\cmidrulewidth=\dimen116
\belowrulesep=\dimen117
\belowbottomsep=\dimen118
\aboverulesep=\dimen119
\abovetopsep=\dimen120
\cmidrulesep=\dimen121
\cmidrulekern=\dimen122
\defaultaddspace=\dimen123
\@cmidla=\count101
\@cmidlb=\count102
\@aboverulesep=\dimen124
\@belowrulesep=\dimen125
\@thisruleclass=\count103
\@lastruleclass=\count104
\@thisrulewidth=\dimen126
\ctableftskip=\skip113
\ctabrightskip=\skip114
\abovecolumnspenalty=\count105
\@linestogo=\count106
\@cellstogo=\count107
\@cellsincolumn=\count108
\crtok=\toks17
\@mincolumnwidth=\dimen127
\c@newflo@tctr=\count109
\mem@margin@floatbox=\box26
\@contcwidth=\skip115
\@contindw=\skip116
\abovecaptionskip=\skip117
\belowcaptionskip=\skip118
\subfloattopskip=\skip119
\subfloatcapskip=\skip120
\subfloatcaptopadj=\skip121
\subfloatbottomskip=\skip122
\subfloatlabelskip=\skip123
\subfloatcapmargin=\dimen128
\c@@contsubnum=\count110
\m@mscap@capbox=\box27
\m@mscap@fbox=\box28
\sidecapsep=\dimen129
\sidecapwidth=\dimen130
\m@m@tempdima=\dimen131
\m@mscapraise=\dimen132
\sidecapraise=\dimen133
\m@mscapmainwidth=\dimen134
\m@mscaplkern=\dimen135
\beforeepigraphskip=\skip124
\afterepigraphskip=\skip125
\epigraphwidth=\skip126
\epigraphrule=\skip127
LaTeX Info: Redefining \em on input line 7492.
LaTeX Info: Redefining \emph on input line 7500.
\tocentryskip=\skip128
\tocbaseline=\skip129
\cftparskip=\skip130
\cftbeforebookskip=\skip131
\cftbookindent=\dimen136
\cftbooknumwidth=\dimen137
\cftbeforepartskip=\skip132
\cftpartindent=\skip133
\cftpartnumwidth=\skip134
\cftbeforechapterskip=\skip135
\cftchapterindent=\skip136
\cftchapternumwidth=\skip137
\cftbeforesectionskip=\skip138
\cftsectionindent=\skip139
\cftsectionnumwidth=\skip140
\cftbeforesubsectionskip=\skip141
\cftsubsectionindent=\skip142
\cftsubsectionnumwidth=\skip143
\cftbeforesubsubsectionskip=\skip144
\cftsubsubsectionindent=\skip145
\cftsubsubsectionnumwidth=\skip146
\cftbeforeparagraphskip=\skip147
\cftparagraphindent=\skip148
\cftparagraphnumwidth=\skip149
\cftbeforesubparagraphskip=\skip150
\cftsubparagraphindent=\skip151
\cftsubparagraphnumwidth=\skip152
\prechapterprecisshift=\dimen138
\c@maxsecnumdepth=\count111
\bibindent=\dimen139
\bibitemsep=\skip153
\indexcolsep=\skip154
\indexrule=\skip155
\indexmarkstyle=\toks18
\@indexbox=\insert233
\glossarycolsep=\dimen140
\glossaryrule=\dimen141
\sideparvshift=\skip156
\sideins=\insert232
\sidebartopsep=\skip157
\sidebarhsep=\skip158
\sidebarvsep=\skip159
\sidebarwidth=\skip160
\footmarkwidth=\skip161
\footmarksep=\skip162
\footparindent=\skip163
\footinsdim=\skip164
\footinsv@r=\insert231
\@mpfootinsv@r=\insert230
\m@m@k=\count112
\m@m@h=\dimen142
\m@mipn@skip=\skip165
\sidefootins=\insert229
\sidefootadjust=\skip166
\sidefootheight=\skip167
\sidefoothsep=\skip168
\sidefootvsep=\skip169
\sidefootwidth=\skip170
\m@mdownsf=\skip171
\c@sidefootnote=\count113
\sidefootmarkwidth=\skip172
\sidefootmarksep=\skip173
\sidefootparindent=\skip174
\c@pagenote=\count114
\c@pagenoteshadow=\count115
\mem@pn@lastkern=\skip175
\every@verbatim=\toks19
\afterevery@verbatim=\toks20
\verbatim@line=\toks21
\tab@position=\count116
\verbatim@in@stream=\read1
\verbatimindent=\skip176
\verbatim@out=\write3
\bvboxsep=\skip177
\c@memfbvline=\count117
\c@bvlinectr=\count118
\bvnumlength=\skip178
\fb@frw=\dimen143
\fb@frh=\dimen144
\FrameRule=\dimen145
\FrameSep=\dimen146
\c@cp@cntr=\count119
LaTeX Info: Redefining \: on input line 11958.
LaTeX Info: Redefining \! on input line 11960.
\c@ism@mctr=\count120
\c@xsm@mctr=\count121
\c@csm@mctr=\count122
\c@ksm@mctr=\count123
\c@xksm@mctr=\count124
\c@cksm@mctr=\count125
\c@msm@mctr=\count126
\c@xmsm@mctr=\count127
\c@cmsm@mctr=\count128
\c@bsm@mctr=\count129
\c@workm@mctr=\count130
\c@sheetsequence=\count131
\c@lastsheet=\count132
\c@lastpage=\count133
\c@figure=\count134
\c@lofdepth=\count135
\cftbeforefigureskip=\skip179
\cftfigureindent=\skip180
\cftfigurenumwidth=\skip181
\c@table=\count136
\c@lotdepth=\count137
\cftbeforetableskip=\skip182
\cfttableindent=\skip183
\cfttablenumwidth=\skip184
Package abstract [2008/07/23] emulated by memoir.
Package appendix [2008/07/23] emulated by memoir.
Package array [2008/09/09] emulated by memoir.
Package booktabs [2008/07/23] emulated by memoir.
Package ccaption [2008/07/23] emulated by memoir.
Package changepage [2008/07/23] emulated by memoir.
Package chngcntr [2008/07/23] emulated by memoir.
Package chngpage [2008/07/23] emulated by memoir.
Package crop emulated by memoir.
Package dcolumn [2008/07/23] emulated by memoir.
Package delarray [2008/07/23] emulated by memoir.
Package enumerate [2008/07/23] emulated by memoir.
Package epigraph [2008/07/23] emulated by memoir.
Package ifmtarg [2008/07/23] emulated by memoir.
Package index [2008/07/23] emulated by memoir.
Package makeidx [2008/07/23] emulated by memoir.
Package moreverb [2008/07/23] emulated by memoir.
Package mparhack [2008/07/23] emulated by memoir.
Package needspace [2008/07/23] emulated by memoir.
Package newfile [2008/07/23] emulated by memoir.
Package nextpage [2008/07/23] emulated by memoir.
Package pagenote [2008/07/23] emulated by memoir.
Package parskip [2008/07/23] emulated by memoir.
Package patchcmd [2008/07/23] emulated by memoir.
Package setspace [2008/07/23] emulated by memoir.
Package shortvrb [2008/07/23] emulated by memoir.
Package showidx [2008/07/23] emulated by memoir.
Package tabularx [2008/07/23] emulated by memoir.
Package titleref [2008/07/23] emulated by memoir.
Package titling [2008/07/23] emulated by memoir.
Package tocbibind [2008/07/23] emulated by memoir.
Package tocloft [2008/07/23] emulated by memoir.
Package tocvsec2 [2008/07/23] emulated by memoir.
Package verbatim [2008/07/23] emulated by memoir.
Package verse [2008/07/23] emulated by memoir.
 ("C:\Program Files\MiKTeX 2.9\tex\latex\memoir\mempatch.sty"
Package: mempatch 2009/07/24 v6.0f Patches for memoir class v1.6180339
))

******************************************************
Stock height and width: 794.96999pt by 614.295pt
Top and edge trims: 0pt and 16.78712pt
Page height and width: 794.96999pt by 597.50787pt
Text height and width: 568.60025pt by 396pt
Spine and edge margins: 90.3375pt and 111.17038pt
Upper and lower margins: 113.81102pt and 112.55872pt
Headheight and headsep: 13.6pt and 27.20001pt
Footskip: 27.20001pt
Columnsep and columnseprule: 10pt and 0pt
Marginparsep and marginparwidth: 17pt and 51pt
Sidecapsep and sidecapwidth: 7pt and 57pt
Sidebarhsep and sidebarwidth: 7pt and 57pt
Sidebarvsep and sidebartopsep: 13.6pt and 0pt
Sidebarheight: 539.9202pt
Sidefoothsep and sidefootwidth: 7pt and 57pt
Sidefootvsep and sidefootheight: 13.6pt and 539.9202pt
******************************************************

("C:\Program Files\MiKTeX 2.9\tex\latex\wrapfig\wrapfig.sty"
\wrapoverhang=\dimen147
\WF@size=\dimen148
\c@WF@wrappedlines=\count138
\WF@box=\box29
\WF@everypar=\toks22
Package: wrapfig 2003/01/31  v 3.6
)
("C:\Program Files\MiKTeX 2.9\tex\latex\titlepic\titlepic.sty"
Package: titlepic 2009/08/03 1.1 Package to display a picture on the title page

! Undefined control sequence.
l.30 \if@titlepage
                  
The control sequence at the end of the top line
of your error message was never \def'ed. If you have
misspelled it (e.g., `\hobx'), type `I' and the correct
spelling (e.g., `I\hbox'). Otherwise just continue,
and I'll forget about whatever was undefined.

! Extra \fi.
l.68 \fi
        
I'm ignoring this; it doesn't match any \if.

) ("C:\Program Files\MiKTeX 2.9\tex\latex\hyperref\hyperref.sty"
Package: hyperref 2012/11/06 v6.83m Hypertext links for LaTeX

("C:\Program Files\MiKTeX 2.9\tex\generic\oberdiek\hobsub-hyperref.sty"
Package: hobsub-hyperref 2012/04/25 v1.12 Bundle oberdiek, subset hyperref (HO)

("C:\Program Files\MiKTeX 2.9\tex\generic\oberdiek\hobsub-generic.sty"
Package: hobsub-generic 2012/04/25 v1.12 Bundle oberdiek, subset generic (HO)
Package: hobsub 2012/04/25 v1.12 Construct package bundles (HO)
Package: infwarerr 2010/04/08 v1.3 Providing info/warning/error messages (HO)
Package: ltxcmds 2011/11/09 v1.22 LaTeX kernel commands for general use (HO)
Package hobsub Info: Skipping package `ifluatex' (already loaded).
Package: ifvtex 2010/03/01 v1.5 Detect VTeX and its facilities (HO)
Package ifvtex Info: VTeX not detected.
Package: intcalc 2007/09/27 v1.1 Expandable calculations with integers (HO)
Package hobsub Info: Skipping package `ifpdf' (already loaded).
Package: etexcmds 2011/02/16 v1.5 Avoid name clashes with e-TeX commands (HO)
Package etexcmds Info: Could not find \expanded.
(etexcmds)             That can mean that you are not using pdfTeX 1.50 or
(etexcmds)             that some package has redefined \expanded.
(etexcmds)             In the latter case, load this package earlier.
Package: kvsetkeys 2012/04/25 v1.16 Key value parser (HO)
Package: kvdefinekeys 2011/04/07 v1.3 Define keys (HO)
Package: pdftexcmds 2011/11/29 v0.20 Utility functions of pdfTeX for LuaTeX (HO)
Package pdftexcmds Info: LuaTeX not detected.
Package pdftexcmds Info: \pdf@primitive is available.
Package pdftexcmds Info: \pdf@ifprimitive is available.
Package pdftexcmds Info: \pdfdraftmode found.
Package: pdfescape 2011/11/25 v1.13 Implements pdfTeX's escape features (HO)
Package: bigintcalc 2012/04/08 v1.3 Expandable calculations on big integers (HO)
Package: bitset 2011/01/30 v1.1 Handle bit-vector datatype (HO)
Package: uniquecounter 2011/01/30 v1.2 Provide unlimited unique counter (HO)
)
Package hobsub Info: Skipping package `hobsub' (already loaded).
Package: letltxmacro 2010/09/02 v1.4 Let assignment for LaTeX macros (HO)
Package: hopatch 2011/06/24 v1.1 Wrapper for package hooks (HO)
Package: xcolor-patch 2011/01/30 xcolor patch
Package: atveryend 2011/06/30 v1.8 Hooks at the very end of document (HO)
Package atveryend Info: \enddocument detected (standard20110627).
Package: atbegshi 2011/10/05 v1.16 At begin shipout hook (HO)
Package: refcount 2011/10/16 v3.4 Data extraction from label references (HO)
Package: hycolor 2011/01/30 v1.7 Color options for hyperref/bookmark (HO)
)
("C:\Program Files\MiKTeX 2.9\tex\latex\graphics\keyval.sty"
Package: keyval 1999/03/16 v1.13 key=value parser (DPC)
\KV@toks@=\toks23
)
("C:\Program Files\MiKTeX 2.9\tex\latex\oberdiek\auxhook.sty"
Package: auxhook 2011/03/04 v1.3 Hooks for auxiliary files (HO)
)
("C:\Program Files\MiKTeX 2.9\tex\latex\oberdiek\kvoptions.sty"
Package: kvoptions 2011/06/30 v3.11 Key value format for package options (HO)
)
\@linkdim=\dimen149
\Hy@linkcounter=\count139
\Hy@pagecounter=\count140

("C:\Program Files\MiKTeX 2.9\tex\latex\hyperref\pd1enc.def"
File: pd1enc.def 2012/11/06 v6.83m Hyperref: PDFDocEncoding definition (HO)
)
\Hy@SavedSpaceFactor=\count141

("C:\Program Files\MiKTeX 2.9\tex\latex\00miktex\hyperref.cfg"
File: hyperref.cfg 2002/06/06 v1.2 hyperref configuration of TeXLive
)
Package hyperref Info: Hyper figures OFF on input line 4443.
Package hyperref Info: Link nesting OFF on input line 4448.
Package hyperref Info: Hyper index ON on input line 4451.
Package hyperref Info: Plain pages OFF on input line 4458.
Package hyperref Info: Backreferencing OFF on input line 4463.
Package hyperref Info: Implicit mode ON; LaTeX internals redefined.
Package hyperref Info: Bookmarks ON on input line 4688.
\c@Hy@tempcnt=\count142
 ("C:\Program Files\MiKTeX 2.9\tex\latex\ltxmisc\url.sty"
\Urlmuskip=\muskip10
Package: url 2006/04/12  ver 3.3  Verb mode for urls, etc.
)
LaTeX Info: Redefining \url on input line 5041.
\XeTeXLinkMargin=\dimen150
\Fld@menulength=\count143
\Field@Width=\dimen151
\Fld@charsize=\dimen152
Package hyperref Info: Hyper figures OFF on input line 6295.
Package hyperref Info: Link nesting OFF on input line 6300.
Package hyperref Info: Hyper index ON on input line 6303.
Package hyperref Info: backreferencing OFF on input line 6310.
Package hyperref Info: Link coloring OFF on input line 6315.
Package hyperref Info: Link coloring with OCG OFF on input line 6320.
Package hyperref Info: PDF/A mode OFF on input line 6325.
LaTeX Info: Redefining \ref on input line 6365.
LaTeX Info: Redefining \pageref on input line 6369.
\Hy@abspage=\count144
\c@Item=\count145
\c@Hfootnote=\count146
) ("C:\Program Files\MiKTeX 2.9\tex\latex\memoir\memhfixc.sty"
Package: memhfixc 2013/05/30 v1.17 nameref/hyperref package fixes for memoir class
\c@memhycontfloat=\count147
\c@Hpagenote=\count148
)

Package hyperref Message: Driver (autodetected): hpdftex.

("C:\Program Files\MiKTeX 2.9\tex\latex\hyperref\hpdftex.def"
File: hpdftex.def 2012/11/06 v6.83m Hyperref driver for pdfTeX
\Fld@listcount=\count149
\c@bookmark@seq@number=\count150

("C:\Program Files\MiKTeX 2.9\tex\latex\oberdiek\rerunfilecheck.sty"
Package: rerunfilecheck 2011/04/15 v1.7 Rerun checks for auxiliary files (HO)
Package uniquecounter Info: New unique counter `rerunfilecheck' on input line 282.
)
\Hy@SectionHShift=\skip185
)
("C:\Program Files\MiKTeX 2.9\tex\latex\graphics\graphicx.sty"
Package: graphicx 1999/02/16 v1.0f Enhanced LaTeX Graphics (DPC,SPQR)

("C:\Program Files\MiKTeX 2.9\tex\latex\graphics\graphics.sty"
Package: graphics 2009/02/05 v1.0o Standard LaTeX Graphics (DPC,SPQR)
 ("C:\Program Files\MiKTeX 2.9\tex\latex\graphics\trig.sty"
Package: trig 1999/03/16 v1.09 sin cos tan (DPC)
) ("C:\Program Files\MiKTeX 2.9\tex\latex\00miktex\graphics.cfg"
File: graphics.cfg 2007/01/18 v1.5 graphics configuration of teTeX/TeXLive
)
Package graphics Info: Driver file: pdftex.def on input line 91.

("C:\Program Files\MiKTeX 2.9\tex\latex\pdftex-def\pdftex.def"
File: pdftex.def 2011/05/27 v0.06d Graphics/color for pdfTeX
\Gread@gobject=\count151
))
\Gin@req@height=\dimen153
\Gin@req@width=\dimen154
)
(C:\Users\Rocky\AppData\Roaming\MiKTeX\2.9\tex\latex\listings\listings.sty
\lst@mode=\count152
\lst@gtempboxa=\box30
\lst@token=\toks24
\lst@length=\count153
\lst@currlwidth=\dimen155
\lst@column=\count154
\lst@pos=\count155
\lst@lostspace=\dimen156
\lst@width=\dimen157
\lst@newlines=\count156
\lst@lineno=\count157
\lst@maxwidth=\dimen158

(C:\Users\Rocky\AppData\Roaming\MiKTeX\2.9\tex\latex\listings\lstmisc.sty
File: lstmisc.sty 2013/08/26 1.5b (Carsten Heinz)
\c@lstnumber=\count158
\lst@skipnumbers=\count159
\lst@framebox=\box31
)
(C:\Users\Rocky\AppData\Roaming\MiKTeX\2.9\tex\latex\listings\listings.cfg
File: listings.cfg 2013/08/26 1.5b listings configuration
))
Package: listings 2013/08/26 1.5b (Carsten Heinz)

(C:\Users\Rocky\AppData\Roaming\MiKTeX\2.9\tex\latex\listings\lstlang1.sty
File: lstlang1.sty 2013/08/26 1.5b listings language file
)
(C:\Users\Rocky\AppData\Roaming\MiKTeX\2.9\tex\latex\listings\lstlang1.sty
File: lstlang1.sty 2013/08/26 1.5b listings language file
)
(C:\Users\Rocky\git\cupid\org.earthsystemmodeling.cupid\doc\latex\cupid_0.1beta.aux)
LaTeX Font Info:    Checking defaults for OML/cmm/m/it on input line 51.
LaTeX Font Info:    ... okay on input line 51.
LaTeX Font Info:    Checking defaults for T1/cmr/m/n on input line 51.
LaTeX Font Info:    ... okay on input line 51.
LaTeX Font Info:    Checking defaults for OT1/cmr/m/n on input line 51.
LaTeX Font Info:    ... okay on input line 51.
LaTeX Font Info:    Checking defaults for OMS/cmsy/m/n on input line 51.
LaTeX Font Info:    ... okay on input line 51.
LaTeX Font Info:    Checking defaults for OMX/cmex/m/n on input line 51.
LaTeX Font Info:    ... okay on input line 51.
LaTeX Font Info:    Checking defaults for U/cmr/m/n on input line 51.
LaTeX Font Info:    ... okay on input line 51.
LaTeX Font Info:    Checking defaults for PD1/pdf/m/n on input line 51.
LaTeX Font Info:    ... okay on input line 51.
\AtBeginShipoutBox=\box32
Package hyperref Info: Link coloring OFF on input line 51.

("C:\Program Files\MiKTeX 2.9\tex\latex\hyperref\nameref.sty"
Package: nameref 2012/10/27 v2.43 Cross-referencing by name of section

("C:\Program Files\MiKTeX 2.9\tex\generic\oberdiek\gettitlestring.sty"
Package: gettitlestring 2010/12/03 v1.4 Cleanup title references (HO)
)
\c@section@level=\count160
)
Redoing nameref's sectioning
Redoing nameref's label
LaTeX Info: Redefining \nameref on input line 51.
LaTeX Info: Redefining \ref on input line 51.
LaTeX Info: Redefining \pageref on input line 51.
LaTeX Info: Redefining \nameref on input line 51.
(C:\Users\Rocky\git\cupid\org.earthsystemmodeling.cupid\doc\latex\cupid_0.1beta.out)
(C:\Users\Rocky\git\cupid\org.earthsystemmodeling.cupid\doc\latex\cupid_0.1beta.out)
\@outlinefile=\write4

("C:\Program Files\MiKTeX 2.9\tex\context\base\supp-pdf.mkii"
[Loading MPS to PDF converter (version 2006.09.02).]
\scratchcounter=\count161
\scratchdimen=\dimen159
\scratchbox=\box33
\nofMPsegments=\count162
\nofMParguments=\count163
\everyMPshowfont=\toks25
\MPscratchCnt=\count164
\MPscratchDim=\dimen160
\MPnumerator=\count165
\makeMPintoPDFobject=\count166
\everyMPtoPDFconversion=\toks26
)
\c@lstlisting=\count167


! LaTeX Error: Environment titlepage undefined.

See the LaTeX manual or LaTeX Companion for explanation.
Type  H <return>  for immediate help.
 ...                                              
                                                  
l.66 
     
Your command was ignored.
Type  I <command> <return>  to replace it with another command,
or  <return>  to continue without it.


! LaTeX Error: There's no line here to end.

See the LaTeX manual or LaTeX Companion for explanation.
Type  H <return>  for immediate help.
 ...                                              
                                                  
l.66 
     
Your command was ignored.
Type  I <command> <return>  to replace it with another command,
or  <return>  to continue without it.


LaTeX Font Warning: Font shape `OT1/cmr/bx/sc' undefined
(Font)              using `OT1/cmr/bx/n' instead on input line 66.

LaTeX Font Info:    External font `cmex10' loaded for size
(Font)              <17.28> on input line 66.
LaTeX Font Info:    External font `cmex10' loaded for size
(Font)              <12> on input line 66.
LaTeX Font Info:    External font `cmex10' loaded for size
(Font)              <8> on input line 66.
LaTeX Font Info:    External font `cmex10' loaded for size
(Font)              <6> on input line 66.
<figs/logo_cupid.png, id=59, 126.4725pt x 57.21375pt>
File: figs/logo_cupid.png Graphic file (type png)
 <use figs/logo_cupid.png>
Package pdftex.def Info: figs/logo_cupid.png used on input line 66.
(pdftex.def)             Requested size: 126.47218pt x 57.2136pt.
LaTeX Font Info:    External font `cmex10' loaded for size
(Font)              <7> on input line 66.
LaTeX Font Info:    External font `cmex10' loaded for size
(Font)              <5> on input line 66.


! LaTeX Error: \begin{document} ended by \end{titlepage}.

See the LaTeX manual or LaTeX Companion for explanation.
Type  H <return>  for immediate help.
 ...                                              
                                                  
l.66 
     
Your command was ignored.
Type  I <command> <return>  to replace it with another command,
or  <return>  to continue without it.

[1{C:/Users/Rocky/AppData/Local/MiKTeX/2.9/pdftex/config/pdftex.map}

 <C:/Users/Rocky/git/cupid/org.earthsystemmodeling.cupid/doc/latex/figs/logo_cupid.png>] (C:\Users\Rocky\git\cupid\org.e
arthsystemmodeling.cupid\doc\latex\cupid_0.1beta.toc
LaTeX Font Info:    External font `cmex10' loaded for size
(Font)              <10.95> on input line 1.
) [2

] [3

]
LaTeX Font Info:    Try loading font information for OMS+cmr on input line 84.
 ("C:\Program Files\MiKTeX 2.9\tex\latex\base\omscmr.fd"
File: omscmr.fd 1999/05/25 v2.5h Standard LaTeX font definitions
)
LaTeX Font Info:    Font shape `OMS/cmr/m/n' in size <10.95> not available
(Font)              Font shape `OMS/cmsy/m/n' tried instead on input line 84.

<figs/feature_reveng.png, id=104, 289.08pt x 327.624pt>
File: figs/feature_reveng.png Graphic file (type png)
 <use figs/feature_reveng.png>
Package pdftex.def Info: figs/feature_reveng.png used on input line 89.
(pdftex.def)             Requested size: 227.62204pt x 257.97026pt.
 [4 <C:/Users/Rocky/git/cupid/org.earthsystemmodeling.cupid/doc/latex/figs/feature_reveng.png>]
<figs/feature_foreng.png, id=113, 589.60275pt x 394.47375pt>
File: figs/feature_foreng.png Graphic file (type png)
 <use figs/feature_foreng.png>
Package pdftex.def Info: figs/feature_foreng.png used on input line 97.
(pdftex.def)             Requested size: 284.52756pt x 190.36249pt.

<figs/feature_cloud.png, id=115, 644.4075pt x 420.97275pt>
File: figs/feature_cloud.png Graphic file (type png)
 <use figs/feature_cloud.png>
Package pdftex.def Info: figs/feature_cloud.png used on input line 104.
(pdftex.def)             Requested size: 341.43306pt x 223.05667pt.
 [5 <C:/Users/Rocky/git/cupid/org.earthsystemmodeling.cupid/doc/latex/figs/feature_foreng.png>] [6 <C:/Users/Rocky/git/c
upid/org.earthsystemmodeling.cupid/doc/latex/figs/feature_cloud.png>]
Overfull \hbox (51.11696pt too wide) in paragraph at lines 113--114
\OT1/cmr/m/n/10.95 mod-els. Some of the framework-provided con-cepts in-clude model com-po-nents (\OT1/cmtt/m/n/10.95 ES
MF[]GridComp\OT1/cmr/m/n/10.95 )
 []


Overfull \hbox (10.07664pt too wide) in paragraph at lines 113--114
\OT1/cmr/m/n/10.95 phys-i-cal fields (\OT1/cmtt/m/n/10.95 ESMF[]Field)\OT1/cmr/m/n/10.95 , and nu-mer-i-cal grids (\OT1/
cmtt/m/n/10.95 ESMF[]Grid\OT1/cmr/m/n/10.95 ; dis-cretiza-tion schemes).
 []

[7

] <figs/nuopcarchs.png, id=137, 903.375pt x 346.896pt>
File: figs/nuopcarchs.png Graphic file (type png)
 <use figs/nuopcarchs.png>
Package pdftex.def Info: figs/nuopcarchs.png used on input line 126.
(pdftex.def)             Requested size: 396.0pt x 152.06833pt.
 [8] [9 <C:/Users/Rocky/git/cupid/org.earthsystemmodeling.cupid/doc/latex/figs/nuopcarchs.png>]
Overfull \hbox (4.0709pt too wide) in paragraph at lines 244--245
\OT1/cmr/m/n/10.95 avail-able on the Cu-pid web site at []https://www.earthsystemcog.org/projects/cupid/[]. 
 []


Overfull \hbox (20.91745pt too wide) in paragraph at lines 252--253
[]\OT1/cmtt/m/n/10.95 http://sourceforge.net/p/esmfcontrib/svn/HEAD/tree/NUOPC/trunk/ 
 []

[10

]
Overfull \hbox (73.4785pt too wide) in paragraph at lines 273--274
[]\OT1/cmr/m/n/10.95 In the Work With box, choose \OT1/cmtt/m/n/10.95 Luna - http://download.eclipse.org/releases/luna 
 []

<figs/svn_fig1.png, id=157, 239.09325pt x 280.6485pt>
File: figs/svn_fig1.png Graphic file (type png)
 <use figs/svn_fig1.png>
Package pdftex.def Info: figs/svn_fig1.png used on input line 290.
(pdftex.def)             Requested size: 145.4417pt x 170.71652pt.
 [11]
Overfull \hbox (36.92616pt too wide) in paragraph at lines 293--294
[]\OT1/cmr/m/n/10.95 You should now see a new project in your workspace named \OT1/cmr/m/it/10.95 v7-AtmOcnLndProto\OT1/
cmr/m/n/10.95 . 
 []

<figs/svn_fig2.png, id=175, 277.035pt x 155.98276pt>
File: figs/svn_fig2.png Graphic file (type png)
 <use figs/svn_fig2.png>
Package pdftex.def Info: figs/svn_fig2.png used on input line 298.
(pdftex.def)             Requested size: 252.68982pt x 142.26378pt.
 [12 <C:/Users/Rocky/git/cupid/org.earthsystemmodeling.cupid/doc/latex/figs/svn_fig1.png> <C:/Users/Rocky/git/cupid/org.
earthsystemmodeling.cupid/doc/latex/figs/svn_fig2.png>] <figs/reveng_fig1.png, id=183, 236.082pt x 287.27325pt>
File: figs/reveng_fig1.png Graphic file (type png)
 <use figs/reveng_fig1.png>
Package pdftex.def Info: figs/reveng_fig1.png used on input line 322.
(pdftex.def)             Requested size: 140.2958pt x 170.71652pt.

Overfull \hbox (4.17091pt too wide) in paragraph at lines 325--326
[]\OT1/cmr/m/n/10.95 Open the file \OT1/cmr/m/it/10.95 esm.F90 \OT1/cmr/m/n/10.95 from the \OT1/cmr/m/it/10.95 v7-AtmOcn
LndProto \OT1/cmr/m/n/10.95 project by double-clicking
 []

<figs/reveng_fig3.png, id=184, 290.2845pt x 216.81pt>
File: figs/reveng_fig3.png Graphic file (type png)
 <use figs/reveng_fig3.png>
Package pdftex.def Info: figs/reveng_fig3.png used on input line 332.
(pdftex.def)             Requested size: 266.67961pt x 199.16928pt.
 [13 <C:/Users/Rocky/git/cupid/org.earthsystemmodeling.cupid/doc/latex/figs/reveng_fig1.png>] <figs/reveng_fig4.png, id=
194, 593.21625pt x 380.622pt>
File: figs/reveng_fig4.png Graphic file (type png)

<use figs/reveng_fig4.png>
Package pdftex.def Info: figs/reveng_fig4.png used on input line 340.
(pdftex.def)             Requested size: 227.62204pt x 146.04915pt.
 [14 <C:/Users/Rocky/git/cupid/org.earthsystemmodeling.cupid/doc/latex/figs/reveng_fig3.png> <C:/Users/Rocky/git/cupid/o
rg.earthsystemmodeling.cupid/doc/latex/figs/reveng_fig4.png>]
<figs/reveng_fig6.png, id=202, 289.08pt x 380.01974pt>
File: figs/reveng_fig6.png Graphic file (type png)
 <use figs/reveng_fig6.png>
Package pdftex.def Info: figs/reveng_fig6.png used on input line 352.
(pdftex.def)             Requested size: 227.62204pt x 299.22653pt.
 [15 <C:/Users/Rocky/git/cupid/org.earthsystemmodeling.cupid/doc/latex/figs/reveng_fig6.png>]
Overfull \hbox (16.08778pt too wide) in paragraph at lines 366--367
[]\OT1/cmr/m/n/10.95 In the steps that fol-low, we will cre-ate a com-pli-ance is-sue in the \OT1/cmr/m/it/10.95 v7-AtmO
cnLndProto
 []

<figs/reveng_fig7.png, id=210, 289.68225pt x 280.6485pt>
File: figs/reveng_fig7.png Graphic file (type png)
 <use figs/reveng_fig7.png>
Package pdftex.def Info: figs/reveng_fig7.png used on input line 376.
(pdftex.def)             Requested size: 227.62204pt x 220.52795pt.
 [16]
<figs/reveng_fig8.png, id=216, 289.08pt x 293.29575pt>
File: figs/reveng_fig8.png Graphic file (type png)
 <use figs/reveng_fig8.png>
Package pdftex.def Info: figs/reveng_fig8.png used on input line 386.
(pdftex.def)             Requested size: 227.62204pt x 230.94028pt.
 [17 <C:/Users/Rocky/git/cupid/org.earthsystemmodeling.cupid/doc/latex/figs/reveng_fig7.png>] [18 <C:/Users/Rocky/git/cu
pid/org.earthsystemmodeling.cupid/doc/latex/figs/reveng_fig8.png>] <figs/gen_fig1.png, id=231, 289.68225pt x 274.626pt>
File: figs/gen_fig1.png Graphic file (type png)
 <use figs/gen_fig1.png>
Package pdftex.def Info: figs/gen_fig1.png used on input line 414.
(pdftex.def)             Requested size: 227.62204pt x 215.7956pt.

<figs/gen_fig2.png, id=235, 592.614pt x 380.622pt>
File: figs/gen_fig2.png Graphic file (type png)
 <use figs/gen_fig2.png>
Package pdftex.def Info: figs/gen_fig2.png used on input line 422.
(pdftex.def)             Requested size: 341.43306pt x 219.29733pt.
 [19 <C:/Users/Rocky/git/cupid/org.earthsystemmodeling.cupid/doc/latex/figs/gen_fig1.png>]
Package hyperref Info: bookmark level for unknown lstlisting defaults to 0 on input line 425.
LaTeX Font Info:    Try loading font information for OML+cmss on input line 427.
LaTeX Font Info:    No file OMLcmss.fd. on input line 427.


LaTeX Font Warning: Font shape `OML/cmss/m/n' undefined
(Font)              using `OML/cmm/m/it' instead
(Font)              for symbol `textgreater' on input line 427.


LaTeX Font Warning: Font shape `OT1/cmss/m/it' in size <10> not available
(Font)              Font shape `OT1/cmss/m/sl' tried instead on input line 439.

[20 <C:/Users/Rocky/git/cupid/org.earthsystemmodeling.cupid/doc/latex/figs/gen_fig2.png>]
Overfull \hbox (38.48105pt too wide) in paragraph at lines 470--471
[][][][][][][][][][][][][][][][][][][][][] 
 []

<figs/gen_fig3.png, id=267, 567.92175pt x 154.176pt>
File: figs/gen_fig3.png Graphic file (type png)
 <use figs/gen_fig3.png>
Package pdftex.def Info: figs/gen_fig3.png used on input line 484.
(pdftex.def)             Requested size: 341.43306pt x 92.69214pt.
 [21] [22 <C:/Users/Rocky/git/cupid/org.earthsystemmodeling.cupid/doc/latex/figs/gen_fig3.png>] [23

]

LaTeX Warning: Reference `sec:cloudconfig' on page 24 undefined on input line 513.

Missing character: There is no â in font cmbx10!
Missing character: There is no € in font cmbx10!
Missing character: There is no ¦ in font cmbx10!
<figs/cloud_fig1.png, id=312, 421.575pt x 302.93175pt>
File: figs/cloud_fig1.png Graphic file (type png)
 <use figs/cloud_fig1.png>
Package pdftex.def Info: figs/cloud_fig1.png used on input line 521.
(pdftex.def)             Requested size: 421.57396pt x 302.931pt.

Overfull \hbox (52.94902pt too wide) in paragraph at lines 521--521
 [][] 
 []

[24] <figs/cloud_fig2.png, id=318, 650.43pt x 423.984pt>
File: figs/cloud_fig2.png Graphic file (type png)
 <use figs/cloud_fig2.png>
Package pdftex.def Info: figs/cloud_fig2.png used on input line 537.
(pdftex.def)             Requested size: 396.0pt x 258.13817pt.

Overfull \hbox (27.37506pt too wide) in paragraph at lines 537--537
 [][] 
 []

[25 <C:/Users/Rocky/git/cupid/org.earthsystemmodeling.cupid/doc/latex/figs/cloud_fig1.png>]
<figs/cloud_fig3.png, id=326, 475.17525pt x 199.34476pt>
File: figs/cloud_fig3.png Graphic file (type png)
 <use figs/cloud_fig3.png>
Package pdftex.def Info: figs/cloud_fig3.png used on input line 544.
(pdftex.def)             Requested size: 396.0pt x 166.1344pt.

Overfull \hbox (27.37506pt too wide) in paragraph at lines 544--544
 [][] 
 []


Overfull \hbox (13.56091pt too wide) in paragraph at lines 554--555
\OT1/cmr/m/n/10.95 with all de-pen-dent soft-ware (model source code, For-tran com-piler, MPI, NetCDF,
 []

[26 <C:/Users/Rocky/git/cupid/org.earthsystemmodeling.cupid/doc/latex/figs/cloud_fig2.png> <C:/Users/Rocky/git/cupid/org
.earthsystemmodeling.cupid/doc/latex/figs/cloud_fig3.png>] <figs/cloud_fig4.png, id=335, 476.982pt x 292.09125pt>
File: figs/cloud_fig4.png Graphic file (type png)

<use figs/cloud_fig4.png>
Package pdftex.def Info: figs/cloud_fig4.png used on input line 560.
(pdftex.def)             Requested size: 396.0pt x 242.5025pt.

Overfull \hbox (27.37506pt too wide) in paragraph at lines 560--560
 [][] 
 []

<figs/cloud_fig5.png, id=336, 433.01775pt x 192.72pt>
File: figs/cloud_fig5.png Graphic file (type png)
 <use figs/cloud_fig5.png>
Package pdftex.def Info: figs/cloud_fig5.png used on input line 566.
(pdftex.def)             Requested size: 396.0pt x 176.24884pt.

Overfull \hbox (27.37506pt too wide) in paragraph at lines 566--566
 [][] 
 []

[27 <C:/Users/Rocky/git/cupid/org.earthsystemmodeling.cupid/doc/latex/figs/cloud_fig4.png>]
<figs/cloud_fig6.png, id=343, 698.61pt x 297.11pt>
File: figs/cloud_fig6.png Graphic file (type png)
 <use figs/cloud_fig6.png>
Package pdftex.def Info: figs/cloud_fig6.png used on input line 572.
(pdftex.def)             Requested size: 396.0pt x 168.41602pt.

Overfull \hbox (27.37506pt too wide) in paragraph at lines 572--572
 [][] 
 []

<figs/cloud_fig7.png, id=344, 1294.8375pt x 794.97pt>
File: figs/cloud_fig7.png Graphic file (type png)
 <use figs/cloud_fig7.png>
Package pdftex.def Info: figs/cloud_fig7.png used on input line 579.
(pdftex.def)             Requested size: 396.0pt x 243.12659pt.

Overfull \hbox (27.37506pt too wide) in paragraph at lines 579--579
 [][] 
 []

[28 <C:/Users/Rocky/git/cupid/org.earthsystemmodeling.cupid/doc/latex/figs/cloud_fig5.png> <C:/Users/Rocky/git/cupid/org
.earthsystemmodeling.cupid/doc/latex/figs/cloud_fig6.png>] <figs/cloudrun_fig1.png, id=351, 198.7425pt x 131.89275pt>
File: figs/cloudrun_fig1.png Graphic file (type png)

<use figs/cloudrun_fig1.png>
Package pdftex.def Info: figs/cloudrun_fig1.png used on input line 595.
(pdftex.def)             Requested size: 198.742pt x 131.89241pt.
 [29 <C:/Users/Rocky/git/cupid/org.earthsystemmodeling.cupid/doc/latex/figs/cloud_fig7.png> <C:/Users/Rocky/git/cupid/or
g.earthsystemmodeling.cupid/doc/latex/figs/cloudrun_fig1.png>]
<figs/cloudrun_fig2.png, id=358, 1136.245pt x 338.26375pt>
File: figs/cloudrun_fig2.png Graphic file (type png)
 <use figs/cloudrun_fig2.png>
Package pdftex.def Info: figs/cloudrun_fig2.png used on input line 601.
(pdftex.def)             Requested size: 396.0pt x 117.88824pt.

Overfull \hbox (27.37506pt too wide) in paragraph at lines 601--601
 [][] 
 []

Missing character: There is no â in font cmr10!
Missing character: There is no € in font cmr10!
Missing character: There is no ¦ in font cmr10!
<figs/cloudrun_fig3.png, id=359, 172.84575pt x 104.18925pt>
File: figs/cloudrun_fig3.png Graphic file (type png)
 <use figs/cloudrun_fig3.png>
Package pdftex.def Info: figs/cloudrun_fig3.png used on input line 607.
(pdftex.def)             Requested size: 172.8453pt x 104.18898pt.

Overfull \hbox (17.70906pt too wide) in paragraph at lines 616--617
[]\OT1/cmr/m/n/10.95 Connection: \OT1/cmr/bx/n/10.95 Cu-pid En-vi-ron-ment (Ama-zon EC2 <Project Name>) 
 []


Overfull \hbox (3.18683pt too wide) in paragraph at lines 621--622
\OT1/cmr/m/n/10.95 path should be \OT1/cmr/bx/n/10.95 /home-/s-gead-min/S-in-gle-Mod-el-Pro-to/-mainApp 
 []

[30 <C:/Users/Rocky/git/cupid/org.earthsystemmodeling.cupid/doc/latex/figs/cloudrun_fig2.png> <C:/Users/Rocky/git/cupid/
org.earthsystemmodeling.cupid/doc/latex/figs/cloudrun_fig3.png>]
<figs/cloudrun_fig4.png, id=368, 164.41425pt x 111.41624pt>
File: figs/cloudrun_fig4.png Graphic file (type png)
 <use figs/cloudrun_fig4.png>
Package pdftex.def Info: figs/cloudrun_fig4.png used on input line 630.
(pdftex.def)             Requested size: 164.41383pt x 111.41597pt.

<figs/cloudrun_fig5.png, id=369, 1138.2525pt x 375.4025pt>
File: figs/cloudrun_fig5.png Graphic file (type png)
 <use figs/cloudrun_fig5.png>
Package pdftex.def Info: figs/cloudrun_fig5.png used on input line 636.
(pdftex.def)             Requested size: 396.0pt x 130.60236pt.

Overfull \hbox (27.37506pt too wide) in paragraph at lines 636--636
 [][] 
 []

[31 <C:/Users/Rocky/git/cupid/org.earthsystemmodeling.cupid/doc/latex/figs/cloudrun_fig4.png> <C:/Users/Rocky/git/cupid/
org.earthsystemmodeling.cupid/doc/latex/figs/cloudrun_fig5.png>]
\tf@toc=\write5
Package atveryend Info: Empty hook `BeforeClearDocument' on input line 779.
Package atveryend Info: Empty hook `AfterLastShipout' on input line 779.

(C:\Users\Rocky\git\cupid\org.earthsystemmodeling.cupid\doc\latex\cupid_0.1beta.aux)
Package atveryend Info: Executing hook `AtVeryEndDocument' on input line 779.
Package atveryend Info: Executing hook `AtEndAfterFileList' on input line 779.
Package rerunfilecheck Info: File `cupid_0.1beta.out' has not changed.
(rerunfilecheck)             Checksum: CE7ADC640D3DEC7A188FF7F8536B20BF;1054.


LaTeX Font Warning: Some font shapes were not available, defaults substituted.


LaTeX Warning: There were undefined references.

Package atveryend Info: Empty hook `AtVeryVeryEnd' on input line 779.
 ) 
Here is how much of TeX's memory you used:
 10142 strings out of 493921
 146717 string characters out of 3147282
 294315 words of memory out of 3000000
 13212 multiletter control sequences out of 15000+200000
 13229 words of font info for 46 fonts, out of 3000000 for 9000
 841 hyphenation exceptions out of 8191
 32i,11n,49p,1247b,1797s stack positions out of 5000i,500n,10000p,200000b,50000s
<C:/Program Files/MiKTeX 2.9/fonts/type1/public/amsfonts/cm/cmbx10.pfb><C:/Program Files/MiKTeX 2.9/fonts/type1/public
/amsfonts/cm/cmbx12.pfb><C:/Program Files/MiKTeX 2.9/fonts/type1/public/amsfonts/cm/cmmi10.pfb><C:/Program Files/MiKTeX 
2.9/fonts/type1/public/amsfonts/cm/cmr10.pfb><C:/Program Files/MiKTeX 2.9/fonts/type1/public/amsfonts/cm/cmr12.pfb><C:/P
rogram Files/MiKTeX 2.9/fonts/type1/public/amsfonts/cm/cmr17.pfb><C:/Program Files/MiKTeX 2.9/fonts/type1/public/amsfont
s/cm/cmr7.pfb><C:/Program Files/MiKTeX 2.9/fonts/type1/public/amsfonts/cm/cmsl10.pfb><C:/Program Files/MiKTeX 2.9/fonts/
type1/public/amsfonts/cm/cmss10.pfb><C:/Program Files/MiKTeX 2.9/fonts/type1/public/amsfonts/cm/cmssbx10.pfb><C:/Program
 Files/MiKTeX 2.9/fonts/type1/public/amsfonts/cm/cmssi10.pfb><C:/Program Files/MiKTeX 2.9/fonts/type1/public/amsfonts/cm
/cmsy10.pfb><C:/Program Files/MiKTeX 2.9/fonts/type1/public/amsfonts/cm/cmti10.pfb><C:/Program Files/MiKTeX 2.9/fonts/ty
pe1/public/amsfonts/cm/cmtt10.pfb><C:/Program Files/MiKTeX 2.9/fonts/type1/public/amsfonts/cm/cmtt12.pfb>
Output written on cupid_0.1beta.pdf (31 pages, 1310090 bytes).
PDF statistics:
 454 PDF objects out of 1000 (max. 8388607)
 132 named destinations out of 1000 (max. 500000)
 253 words of extra memory for PDF output out of 10000 (max. 10000000)

